#
# A fatal error has been detected by the Java Runtime Environment:
#
#  SIGSEGV (0xb) at pc=0x00007fff964bd0dd, pid=36853, tid=1811
#
# JRE version: Java(TM) SE Runtime Environment (8.0_45-b14) (build 1.8.0_45-b14)
# Java VM: Java HotSpot(TM) 64-Bit Server VM (25.45-b02 mixed mode bsd-amd64 compressed oops)
# Problematic frame:
# C  [libobjc.A.dylib+0x10dd]  objc_msgSend+0x1d
#
# Failed to write core dump. Core dumps have been disabled. To enable core dumping, try "ulimit -c unlimited" before starting Java again
#
# If you would like to submit a bug report, please visit:
#   http://bugreport.java.com/bugreport/crash.jsp
# The crash happened outside the Java Virtual Machine in native code.
# See problematic frame for where to report the bug.
#

---------------  T H R E A D  ---------------

Current thread (0x00007ff72386e800):  JavaThread "AppKit Thread" daemon [_thread_in_native, id=1811, stack(0x00007fff4ff9a000,0x00007fff5079a000)]

siginfo: si_signo: 11 (SIGSEGV), si_code: 1 (SEGV_MAPERR), si_addr: 0x000007ff722579d8

Registers:
RAX=0x00007ff722566e10, RBX=0x00007fff507958b8, RCX=0x0000000000000000, RDX=0x00007ff722764890
RSP=0x00007fff507956d8, RBP=0x00007fff507956e0, RSI=0x00007fff980c22b4, RDI=0x00007ff722566e10
R8 =0x00007fff507956c0, R9 =0x0000000000000055, R10=0x00007fff980c22b4, R11=0x000007ff722579c0
R12=0x00007ff72260b9a0, R13=0x00000000000f42eb, R14=0x00007ff7227478b0, R15=0x00007fff50795818
RIP=0x00007fff964bd0dd, EFLAGS=0x0000000000010206, ERR=0x0000000000000004
  TRAPNO=0x000000000000000e

Top of Stack: (sp=0x00007fff507956d8)
0x00007fff507956d8:   00007fff8b24dcdc 00007fff50795a40
0x00007fff507956e8:   00007fff8b13f244 00007fff5079576c
0x00007fff507956f8:   00007fff50795770 00007fff50795774
0x00007fff50795708:   00007fff79318c88 ffffffffffffffff
0x00007fff50795718:   00000000000007f8 00007fff79318ca0
0x00007fff50795728:   00007ff7227478b0 0000000000000000
0x00007fff50795738:   00007fff50795810 0000000000000000
0x00007fff50795748:   00007ff72257e630 00007fff50795890
0x00007fff50795758:   0000000000000055 00000000000f42ed
0x00007fff50795768:   00007ff722764890 00007ff72257e060
0x00007fff50795778:   00007ff72260b9a0 0000000000000001
0x00007fff50795788:   00000000000f42eb 00007ff72260b990
0x00007fff50795798:   00007fff8d0de7ba 0000000122645bd0
0x00007fff507957a8:   00007fff79b250d0 0000000042000000
0x00007fff507957b8:   00007fff8d0e6e13 00007fff792e31d0
0x00007fff507957c8:   00007fff50795898 0000000000000000
0x00007fff507957d8:   00007fff7a7628c8 0000000000000000
0x00007fff507957e8:   0000000000000022 0002f80300000001
0x00007fff507957f8:   00007ff72260b9c4 0000000000000000
0x00007fff50795808:   00000000003e2401 00007ff72257e6b0
0x00007fff50795818:   00007ff7227478b0 0000000000000000
0x00007fff50795828:   00007fff980fa34c 00007fff507958d0
0x00007fff50795838:   00007fff8ad31513 00007fff507958b4
0x00007fff50795848:   00000000003e2501 00000000ffffffff
0x00007fff50795858:   00007fff7a7628c8 00000000003e2500
0x00007fff50795868:   00007fff00000000 00007fff50795960
0x00007fff50795878:   00007fff9330aedc 00007fff7a7628e8
0x00007fff50795888:   00007fff980fa34c 0000000000000051
0x00007fff50795898:   0000000000000000 00000000000f42e1
0x00007fff507958a8:   0000000000000053 0000000000000000
0x00007fff507958b8:   00000000000f42eb 00007fff50795934
0x00007fff507958c8:   00000000003e3001 00000000ffffffff 

Instructions: (pc=0x00007fff964bd0dd)
0x00007fff964bd0bd:   00 00 00 48 85 ff 2e 74 7a 40 f6 c7 01 2e 75 7e
0x00007fff964bd0cd:   49 bb f8 ff ff ff ff 7f 00 00 4c 23 1f 49 89 f2
0x00007fff964bd0dd:   45 23 53 18 49 c1 e2 04 4d 03 53 10 49 3b 32 75
0x00007fff964bd0ed:   04 41 ff 62 08 49 83 3a 00 74 6a 4d 3b 53 10 74 

Register to memory mapping:

RAX=0x00007ff722566e10 is an unknown value
RBX=0x00007fff507958b8 is pointing into the stack for thread: 0x00007ff72386e800
RCX=0x0000000000000000 is an unknown value
RDX=0x00007ff722764890 is an unknown value
RSP=0x00007fff507956d8 is pointing into the stack for thread: 0x00007ff72386e800
RBP=0x00007fff507956e0 is pointing into the stack for thread: 0x00007ff72386e800
RSI=0x00007fff980c22b4: -[NSTitlebarContainerView shouldRoundCorners]+0x5ced6 in /System/Library/Frameworks/AppKit.framework/Versions/C/AppKit at 0x00007fff976f1000
RDI=0x00007ff722566e10 is an unknown value
R8 =0x00007fff507956c0 is pointing into the stack for thread: 0x00007ff72386e800
R9 =0x0000000000000055 is an unknown value
R10=0x00007fff980c22b4: -[NSTitlebarContainerView shouldRoundCorners]+0x5ced6 in /System/Library/Frameworks/AppKit.framework/Versions/C/AppKit at 0x00007fff976f1000
R11=0x000007ff722579c0 is an unknown value
R12=0x00007ff72260b9a0 is an unknown value
R13=0x00000000000f42eb is an unknown value
R14=0x00007ff7227478b0 is an unknown value
R15=0x00007fff50795818 is pointing into the stack for thread: 0x00007ff72386e800


Stack: [0x00007fff4ff9a000,0x00007fff5079a000],  sp=0x00007fff507956d8,  free space=8173k
Native frames: (J=compiled Java code, j=interpreted, Vv=VM code, C=native code)
C  [libobjc.A.dylib+0x10dd]  objc_msgSend+0x1d
C  [CoreFoundation+0x10244]  _CFXNotificationPost+0xc44
C  [Foundation+0x2c31]  -[NSNotificationCenter postNotificationName:object:userInfo:]+0x42
C  [AppKit+0xdd776]  -[NSSurface _disposeSurface]+0x98
C  [AppKit+0xdd1da]  -[NSSurface setWindow:]+0x42
C  [AppKit+0x3b9ef]  -[NSView _setWindow:]+0xa22
C  [AppKit+0x3cc22]  -[NSView removeFromSuperview]+0x1c5
C  [AppKit+0x9140a]  -[NSView removeFromSuperviewWithoutNeedingDisplay]+0x26
C  [liblwjgl.dylib+0xa205]  +[MacOSXKeyableWindow destroyWindow]+0xb5
C  [Foundation+0x65cdc]  __NSThreadPerformPerform+0x125
C  [CoreFoundation+0x80681]  __CFRUNLOOP_IS_CALLING_OUT_TO_A_SOURCE0_PERFORM_FUNCTION__+0x11
C  [CoreFoundation+0x7280d]  __CFRunLoopDoSources0+0x10d
C  [CoreFoundation+0x71e3f]  __CFRunLoopRun+0x39f
C  [CoreFoundation+0x71858]  CFRunLoopRunSpecific+0x128
C  [HIToolbox+0x2eaef]  RunCurrentEventLoopInMode+0xeb
C  [HIToolbox+0x2e76e]  ReceiveNextEventCommon+0xb3
C  [HIToolbox+0x2e6ab]  _BlockUntilNextEventMatchingListInModeWithFilter+0x47
C  [AppKit+0x23f81]  _DPSNextEvent+0x3c4
C  [AppKit+0x23730]  -[NSApplication nextEventMatchingMask:untilDate:inMode:dequeue:]+0xc2
C  [libosxapp.dylib+0x242a]  -[NSApplicationAWT nextEventMatchingMask:untilDate:inMode:dequeue:]+0x7c
C  [AppKit+0x17593]  -[NSApplication run]+0x252
C  [libosxapp.dylib+0x223e]  +[NSApplicationAWT runAWTLoopWithApp:]+0x9c
C  [libawt_lwawt.dylib+0x4462b]  -[AWTStarter starter:]+0x389
C  [Foundation+0x65cdc]  __NSThreadPerformPerform+0x125
C  [CoreFoundation+0x80681]  __CFRUNLOOP_IS_CALLING_OUT_TO_A_SOURCE0_PERFORM_FUNCTION__+0x11
C  [CoreFoundation+0x7280d]  __CFRunLoopDoSources0+0x10d
C  [CoreFoundation+0x71e3f]  __CFRunLoopRun+0x39f
C  [CoreFoundation+0x71858]  CFRunLoopRunSpecific+0x128
C  [java+0x6490]  CreateExecutionEnvironment+0x367
C  [java+0x221c]  JLI_Launch+0x7a0
C  [java+0x84ed]  main+0x65
C  [java+0x1a74]  start+0x34
C  0x0000000000000006


---------------  P R O C E S S  ---------------

Java Threads: ( => current thread )
  0x00007ff72302c000 JavaThread "AWT-Shutdown" [_thread_blocked, id=28431, stack(0x000000012ecaf000,0x000000012edaf000)]
=>0x00007ff72386e800 JavaThread "AppKit Thread" daemon [_thread_in_native, id=1811, stack(0x00007fff4ff9a000,0x00007fff5079a000)]
  0x00007ff723001000 JavaThread "Service Thread" daemon [_thread_blocked, id=18179, stack(0x000000012d5d9000,0x000000012d6d9000)]
  0x00007ff72400a800 JavaThread "C1 CompilerThread2" daemon [_thread_blocked, id=17667, stack(0x000000012d4d6000,0x000000012d5d6000)]
  0x00007ff722841000 JavaThread "C2 CompilerThread1" daemon [_thread_blocked, id=17155, stack(0x000000012d3d3000,0x000000012d4d3000)]
  0x00007ff72380c000 JavaThread "C2 CompilerThread0" daemon [_thread_blocked, id=16643, stack(0x000000012d2d0000,0x000000012d3d0000)]
  0x00007ff72380b000 JavaThread "Signal Dispatcher" daemon [_thread_blocked, id=12567, stack(0x000000012d1cd000,0x000000012d2cd000)]
  0x00007ff72286b000 JavaThread "Finalizer" daemon [_thread_blocked, id=11523, stack(0x000000012b88c000,0x000000012b98c000)]
  0x00007ff72286a800 JavaThread "Reference Handler" daemon [_thread_blocked, id=11011, stack(0x000000012b789000,0x000000012b889000)]
  0x00007ff72280f000 JavaThread "main" [_thread_in_native, id=4867, stack(0x0000000110d6a000,0x0000000110e6a000)]

Other Threads:
  0x00007ff724002000 VMThread [stack: 0x000000012b686000,0x000000012b786000] [id=10499]
  0x00007ff72300e000 WatcherThread [stack: 0x000000012d6dc000,0x000000012d7dc000] [id=18691]

VM state:not at safepoint (normal execution)

VM Mutex/Monitor currently owned by a thread: None

Heap:
 PSYoungGen      total 76288K, used 12160K [0x000000076ab00000, 0x0000000770000000, 0x00000007c0000000)
  eden space 65536K, 18% used [0x000000076ab00000,0x000000076b6e0168,0x000000076eb00000)
  from space 10752K, 0% used [0x000000076f580000,0x000000076f580000,0x0000000770000000)
  to   space 10752K, 0% used [0x000000076eb00000,0x000000076eb00000,0x000000076f580000)
 ParOldGen       total 175104K, used 0K [0x00000006c0000000, 0x00000006cab00000, 0x000000076ab00000)
  object space 175104K, 0% used [0x00000006c0000000,0x00000006c0000000,0x00000006cab00000)
 Metaspace       used 6468K, capacity 6623K, committed 6912K, reserved 1056768K
  class space    used 662K, capacity 726K, committed 768K, reserved 1048576K

Card table byte_map: [0x000000012022c000,0x0000000120a2d000] byte_map_base: 0x000000011cc2c000

Marking Bits: (ParMarkBitMap*) 0x00000001106c27a0
 Begin Bits: [0x000000012138f000, 0x000000012538f000)
 End Bits:   [0x000000012538f000, 0x000000012938f000)

Polling page: 0x000000010f5bf000

CodeCache: size=245760Kb used=2364Kb max_used=2375Kb free=243395Kb
 bounds [0x0000000110e6c000, 0x00000001110dc000, 0x000000011fe6c000]
 total_blobs=960 nmethods=590 adapters=284
 compilation: enabled

Compilation events (10 events):
Event: 17.024 Thread 0x00007ff72400a800  584       3       java.nio.Bits::int3 (6 bytes)
Event: 17.024 Thread 0x00007ff72400a800 nmethod 584 0x00000001110aca90 code [0x00000001110acbe0, 0x00000001110acd10]
Event: 17.024 Thread 0x00007ff72400a800  585       3       java.nio.Bits::int2 (6 bytes)
Event: 17.024 Thread 0x00007ff72400a800 nmethod 585 0x00000001110b4b10 code [0x00000001110b4c60, 0x00000001110b4d90]
Event: 17.024 Thread 0x00007ff72400a800  586       3       java.nio.Bits::int1 (6 bytes)
Event: 17.024 Thread 0x00007ff72400a800 nmethod 586 0x00000001110b4810 code [0x00000001110b4960, 0x00000001110b4a90]
Event: 17.024 Thread 0x00007ff72400a800  587       3       java.nio.Bits::int0 (3 bytes)
Event: 17.024 Thread 0x00007ff72400a800 nmethod 587 0x00000001110b4510 code [0x00000001110b4660, 0x00000001110b4790]
Event: 17.851 Thread 0x00007ff722841000  590       4       java.nio.DirectByteBuffer::put (18 bytes)
Event: 17.852 Thread 0x00007ff722841000 nmethod 590 0x00000001110b2a10 code [0x00000001110b2b60, 0x00000001110b2c18]

GC Heap History (0 events):
No events

Deoptimization events (0 events):
No events

Internal exceptions (10 events):
Event: 0.070 Thread 0x00007ff72280f000 Exception <a 'java/lang/NoSuchMethodError': Method sun.misc.Unsafe.defineClass(Ljava/lang/String;[BII)Ljava/lang/Class; name or signature does not match> (0x000000076ab12ab8) thrown at [/Users/java_re/workspace/8-2-build-macosx-x86_64/jdk8u45/3457/hotspot
Event: 0.070 Thread 0x00007ff72280f000 Exception <a 'java/lang/NoSuchMethodError': Method sun.misc.Unsafe.prefetchRead(Ljava/lang/Object;J)V name or signature does not match> (0x000000076ab12d48) thrown at [/Users/java_re/workspace/8-2-build-macosx-x86_64/jdk8u45/3457/hotspot/src/share/vm/prim
Event: 0.208 Thread 0x00007ff72280f000 Exception <a 'java/security/PrivilegedActionException'> (0x000000076af0c0e8) thrown at [/Users/java_re/workspace/8-2-build-macosx-x86_64/jdk8u45/3457/hotspot/src/share/vm/prims/jvm.cpp, line 1382]
Event: 0.208 Thread 0x00007ff72280f000 Exception <a 'java/security/PrivilegedActionException'> (0x000000076af0c2a0) thrown at [/Users/java_re/workspace/8-2-build-macosx-x86_64/jdk8u45/3457/hotspot/src/share/vm/prims/jvm.cpp, line 1382]
Event: 0.208 Thread 0x00007ff72280f000 Exception <a 'java/security/PrivilegedActionException'> (0x000000076af0f620) thrown at [/Users/java_re/workspace/8-2-build-macosx-x86_64/jdk8u45/3457/hotspot/src/share/vm/prims/jvm.cpp, line 1382]
Event: 0.208 Thread 0x00007ff72280f000 Exception <a 'java/security/PrivilegedActionException'> (0x000000076af0f7d8) thrown at [/Users/java_re/workspace/8-2-build-macosx-x86_64/jdk8u45/3457/hotspot/src/share/vm/prims/jvm.cpp, line 1382]
Event: 0.611 Thread 0x00007ff72280f000 Exception <a 'java/io/FileNotFoundException'> (0x000000076af13680) thrown at [/Users/java_re/workspace/8-2-build-macosx-x86_64/jdk8u45/3457/hotspot/src/share/vm/prims/jni.cpp, line 709]
Event: 0.611 Thread 0x00007ff72280f000 Exception <a 'java/io/FileNotFoundException'> (0x000000076af141c0) thrown at [/Users/java_re/workspace/8-2-build-macosx-x86_64/jdk8u45/3457/hotspot/src/share/vm/prims/jni.cpp, line 709]
Event: 0.662 Thread 0x00007ff72386e800 Exception <a 'java/lang/NoSuchFieldError': method resolution failed> (0x000000076b0f5840) thrown at [/Users/java_re/workspace/8-2-build-macosx-x86_64/jdk8u45/3457/hotspot/src/share/vm/prims/methodHandles.cpp, line 1125]
Event: 0.664 Thread 0x00007ff72386e800 Exception <a 'java/lang/NoSuchFieldError': method resolution failed> (0x000000076b103ee0) thrown at [/Users/java_re/workspace/8-2-build-macosx-x86_64/jdk8u45/3457/hotspot/src/share/vm/prims/methodHandles.cpp, line 1125]

Events (10 events):
Event: 10.573 loading class java/util/IdentityHashMap$ValueIterator
Event: 10.573 loading class java/util/IdentityHashMap$IdentityHashMapIterator
Event: 10.573 loading class java/util/IdentityHashMap$IdentityHashMapIterator done
Event: 10.573 loading class java/util/IdentityHashMap$ValueIterator done
Event: 10.573 Thread 0x00007ff72302c000 Thread exited: 0x00007ff72302c000
Event: 10.605 Thread 0x00007ff72302c000 Thread added: 0x00007ff72302c000
Event: 11.284 Thread 0x00007ff72280f000 DEOPT PACKING pc=0x0000000111073ca1 sp=0x0000000110e69510
Event: 11.284 Thread 0x00007ff72280f000 DEOPT UNPACKING pc=0x0000000110eb3633 sp=0x0000000110e69508 mode 0
Event: 17.856 loading class org/lwjgl/opengl/CallbackUtil
Event: 17.856 loading class org/lwjgl/opengl/CallbackUtil done


Dynamic libraries:
0x00000000087be000 	/System/Library/Frameworks/Cocoa.framework/Versions/A/Cocoa
0x00000000087be000 	/System/Library/Frameworks/Security.framework/Versions/A/Security
0x00000000087be000 	/System/Library/Frameworks/ApplicationServices.framework/Versions/A/ApplicationServices
0x00000000087be000 	/usr/lib/libz.1.dylib
0x00000000087be000 	/usr/lib/libSystem.B.dylib
0x00000000087be000 	/usr/lib/libobjc.A.dylib
0x00000000087be000 	/System/Library/Frameworks/CoreFoundation.framework/Versions/A/CoreFoundation
0x00000000087be000 	/System/Library/Frameworks/Foundation.framework/Versions/C/Foundation
0x00000000087be000 	/System/Library/Frameworks/AppKit.framework/Versions/C/AppKit
0x00000000087be000 	/System/Library/Frameworks/CoreData.framework/Versions/A/CoreData
0x00000000087be000 	/System/Library/PrivateFrameworks/RemoteViewServices.framework/Versions/A/RemoteViewServices
0x00000000087be000 	/System/Library/PrivateFrameworks/UIFoundation.framework/Versions/A/UIFoundation
0x00000000087be000 	/System/Library/Frameworks/IOSurface.framework/Versions/A/IOSurface
0x00000000087be000 	/System/Library/Frameworks/AudioToolbox.framework/Versions/A/AudioToolbox
0x00000000087be000 	/System/Library/Frameworks/AudioUnit.framework/Versions/A/AudioUnit
0x00000000087be000 	/System/Library/PrivateFrameworks/DataDetectorsCore.framework/Versions/A/DataDetectorsCore
0x00000000087be000 	/System/Library/PrivateFrameworks/DesktopServicesPriv.framework/Versions/A/DesktopServicesPriv
0x00000000087be000 	/System/Library/Frameworks/Carbon.framework/Versions/A/Frameworks/HIToolbox.framework/Versions/A/HIToolbox
0x00000000087be000 	/System/Library/Frameworks/QuartzCore.framework/Versions/A/QuartzCore
0x00000000087be000 	/System/Library/Frameworks/Carbon.framework/Versions/A/Frameworks/SpeechRecognition.framework/Versions/A/SpeechRecognition
0x00000000087be000 	/usr/lib/libauto.dylib
0x00000000087be000 	/usr/lib/libicucore.A.dylib
0x00000000087be000 	/usr/lib/libxml2.2.dylib
0x00000000087be000 	/System/Library/PrivateFrameworks/CoreUI.framework/Versions/A/CoreUI
0x00000000087be000 	/System/Library/Frameworks/CoreAudio.framework/Versions/A/CoreAudio
0x00000000087be000 	/System/Library/Frameworks/DiskArbitration.framework/Versions/A/DiskArbitration
0x00000000087be000 	/usr/lib/liblangid.dylib
0x00000000087be000 	/System/Library/PrivateFrameworks/MultitouchSupport.framework/Versions/A/MultitouchSupport
0x00000000087be000 	/System/Library/Frameworks/IOKit.framework/Versions/A/IOKit
0x00000000087be000 	/usr/lib/libDiagnosticMessagesClient.dylib
0x00000000087be000 	/System/Library/Frameworks/CoreServices.framework/Versions/A/CoreServices
0x00000000087be000 	/System/Library/PrivateFrameworks/PerformanceAnalysis.framework/Versions/A/PerformanceAnalysis
0x00000000087be000 	/System/Library/PrivateFrameworks/GenerationalStorage.framework/Versions/A/GenerationalStorage
0x00000000087be000 	/System/Library/Frameworks/OpenGL.framework/Versions/A/OpenGL
0x00000000087be000 	/System/Library/PrivateFrameworks/Sharing.framework/Versions/A/Sharing
0x00000000087be000 	/System/Library/Frameworks/CoreGraphics.framework/Versions/A/CoreGraphics
0x00000000087be000 	/System/Library/Frameworks/CoreText.framework/Versions/A/CoreText
0x00000000087be000 	/System/Library/Frameworks/ImageIO.framework/Versions/A/ImageIO
0x00000000087be000 	/usr/lib/libextension.dylib
0x00000000087be000 	/System/Library/PrivateFrameworks/Backup.framework/Versions/A/Backup
0x00000000087be000 	/usr/lib/libarchive.2.dylib
0x00000000087be000 	/System/Library/Frameworks/CFNetwork.framework/Versions/A/CFNetwork
0x00000000087be000 	/System/Library/Frameworks/SystemConfiguration.framework/Versions/A/SystemConfiguration
0x00000000087be000 	/usr/lib/libCRFSuite.dylib
0x00000000087be000 	/usr/lib/libc++.1.dylib
0x00000000087be000 	/usr/lib/libc++abi.dylib
0x00000000087be000 	/usr/lib/system/libcache.dylib
0x00000000087be000 	/usr/lib/system/libcommonCrypto.dylib
0x00000000087be000 	/usr/lib/system/libcompiler_rt.dylib
0x00000000087be000 	/usr/lib/system/libcopyfile.dylib
0x00000000087be000 	/usr/lib/system/libcorecrypto.dylib
0x00000000087be000 	/usr/lib/system/libdispatch.dylib
0x00000000087be000 	/usr/lib/system/libdyld.dylib
0x00000000087be000 	/usr/lib/system/libkeymgr.dylib
0x00000000087be000 	/usr/lib/system/liblaunch.dylib
0x00000000087be000 	/usr/lib/system/libmacho.dylib
0x00000000087be000 	/usr/lib/system/libquarantine.dylib
0x00000000087be000 	/usr/lib/system/libremovefile.dylib
0x00000000087be000 	/usr/lib/system/libsystem_asl.dylib
0x00000000087be000 	/usr/lib/system/libsystem_blocks.dylib
0x00000000087be000 	/usr/lib/system/libsystem_c.dylib
0x00000000087be000 	/usr/lib/system/libsystem_configuration.dylib
0x00000000087be000 	/usr/lib/system/libsystem_coreservices.dylib
0x00000000087be000 	/usr/lib/system/libsystem_coretls.dylib
0x00000000087be000 	/usr/lib/system/libsystem_dnssd.dylib
0x00000000087be000 	/usr/lib/system/libsystem_info.dylib
0x00000000087be000 	/usr/lib/system/libsystem_kernel.dylib
0x00000000087be000 	/usr/lib/system/libsystem_m.dylib
0x00000000087be000 	/usr/lib/system/libsystem_malloc.dylib
0x00000000087be000 	/usr/lib/system/libsystem_network.dylib
0x00000000087be000 	/usr/lib/system/libsystem_networkextension.dylib
0x00000000087be000 	/usr/lib/system/libsystem_notify.dylib
0x00000000087be000 	/usr/lib/system/libsystem_platform.dylib
0x00000000087be000 	/usr/lib/system/libsystem_pthread.dylib
0x00000000087be000 	/usr/lib/system/libsystem_sandbox.dylib
0x00000000087be000 	/usr/lib/system/libsystem_secinit.dylib
0x00000000087be000 	/usr/lib/system/libsystem_stats.dylib
0x00000000087be000 	/usr/lib/system/libsystem_trace.dylib
0x00000000087be000 	/usr/lib/system/libunc.dylib
0x00000000087be000 	/usr/lib/system/libunwind.dylib
0x00000000087be000 	/usr/lib/system/libxpc.dylib
0x00000000087be000 	/usr/lib/libbz2.1.0.dylib
0x00000000087be000 	/usr/lib/liblzma.5.dylib
0x00000000087be000 	/usr/lib/libbsm.0.dylib
0x00000000087be000 	/usr/lib/libsqlite3.dylib
0x00000000087be000 	/usr/lib/system/libkxld.dylib
0x00000000087be000 	/usr/lib/libxar.1.dylib
0x00000000087be000 	/usr/lib/libpam.2.dylib
0x00000000087be000 	/usr/lib/libOpenScriptingUtil.dylib
0x00000000087be000 	/System/Library/Frameworks/CoreServices.framework/Versions/A/Frameworks/FSEvents.framework/Versions/A/FSEvents
0x00000000087be000 	/System/Library/Frameworks/CoreServices.framework/Versions/A/Frameworks/CarbonCore.framework/Versions/A/CarbonCore
0x00000000087be000 	/System/Library/Frameworks/CoreServices.framework/Versions/A/Frameworks/Metadata.framework/Versions/A/Metadata
0x00000000087be000 	/System/Library/Frameworks/CoreServices.framework/Versions/A/Frameworks/OSServices.framework/Versions/A/OSServices
0x00000000087be000 	/System/Library/Frameworks/CoreServices.framework/Versions/A/Frameworks/SearchKit.framework/Versions/A/SearchKit
0x00000000087be000 	/System/Library/Frameworks/CoreServices.framework/Versions/A/Frameworks/AE.framework/Versions/A/AE
0x00000000087be000 	/System/Library/Frameworks/CoreServices.framework/Versions/A/Frameworks/LaunchServices.framework/Versions/A/LaunchServices
0x00000000087be000 	/System/Library/Frameworks/CoreServices.framework/Versions/A/Frameworks/DictionaryServices.framework/Versions/A/DictionaryServices
0x00000000087be000 	/System/Library/Frameworks/NetFS.framework/Versions/A/NetFS
0x00000000087be000 	/System/Library/PrivateFrameworks/NetAuth.framework/Versions/A/NetAuth
0x00000000087be000 	/System/Library/PrivateFrameworks/login.framework/Versions/A/Frameworks/loginsupport.framework/Versions/A/loginsupport
0x00000000087be000 	/System/Library/PrivateFrameworks/TCC.framework/Versions/A/TCC
0x00000000087be000 	/usr/lib/libmecabra.dylib
0x00000000087be000 	/System/Library/Frameworks/ApplicationServices.framework/Versions/A/Frameworks/ATS.framework/Versions/A/ATS
0x00000000087be000 	/System/Library/Frameworks/ApplicationServices.framework/Versions/A/Frameworks/ColorSync.framework/Versions/A/ColorSync
0x00000000087be000 	/System/Library/Frameworks/ApplicationServices.framework/Versions/A/Frameworks/HIServices.framework/Versions/A/HIServices
0x00000000087be000 	/System/Library/Frameworks/ApplicationServices.framework/Versions/A/Frameworks/LangAnalysis.framework/Versions/A/LangAnalysis
0x00000000087be000 	/System/Library/Frameworks/ApplicationServices.framework/Versions/A/Frameworks/PrintCore.framework/Versions/A/PrintCore
0x00000000087be000 	/System/Library/Frameworks/ApplicationServices.framework/Versions/A/Frameworks/QD.framework/Versions/A/QD
0x00000000087be000 	/System/Library/Frameworks/ApplicationServices.framework/Versions/A/Frameworks/SpeechSynthesis.framework/Versions/A/SpeechSynthesis
0x00000000087be000 	/System/Library/Frameworks/Accelerate.framework/Versions/A/Accelerate
0x00000000087be000 	/System/Library/Frameworks/Accelerate.framework/Versions/A/Frameworks/vImage.framework/Versions/A/vImage
0x00000000087be000 	/System/Library/Frameworks/Accelerate.framework/Versions/A/Frameworks/vecLib.framework/Versions/A/vecLib
0x00000000087be000 	/System/Library/Frameworks/Accelerate.framework/Versions/A/Frameworks/vecLib.framework/Versions/A/libvDSP.dylib
0x00000000087be000 	/System/Library/Frameworks/Accelerate.framework/Versions/A/Frameworks/vecLib.framework/Versions/A/libvMisc.dylib
0x00000000087be000 	/System/Library/Frameworks/Accelerate.framework/Versions/A/Frameworks/vecLib.framework/Versions/A/libLAPACK.dylib
0x00000000087be000 	/System/Library/Frameworks/Accelerate.framework/Versions/A/Frameworks/vecLib.framework/Versions/A/libBLAS.dylib
0x00000000087be000 	/System/Library/Frameworks/Accelerate.framework/Versions/A/Frameworks/vecLib.framework/Versions/A/libLinearAlgebra.dylib
0x00000000087be000 	/System/Library/Frameworks/ApplicationServices.framework/Versions/A/Frameworks/ATS.framework/Versions/A/Resources/libFontParser.dylib
0x00000000087be000 	/System/Library/Frameworks/ApplicationServices.framework/Versions/A/Frameworks/ATS.framework/Versions/A/Resources/libFontRegistry.dylib
0x00000000087be000 	/System/Library/PrivateFrameworks/AppleVPA.framework/Versions/A/AppleVPA
0x00000000087be000 	/System/Library/PrivateFrameworks/AppleJPEG.framework/Versions/A/AppleJPEG
0x00000000087be000 	/System/Library/Frameworks/ImageIO.framework/Versions/A/Resources/libJPEG.dylib
0x00000000087be000 	/System/Library/Frameworks/ImageIO.framework/Versions/A/Resources/libTIFF.dylib
0x00000000087be000 	/System/Library/Frameworks/ImageIO.framework/Versions/A/Resources/libPng.dylib
0x00000000087be000 	/System/Library/Frameworks/ImageIO.framework/Versions/A/Resources/libGIF.dylib
0x00000000087be000 	/System/Library/Frameworks/ImageIO.framework/Versions/A/Resources/libJP2.dylib
0x00000000087be000 	/System/Library/Frameworks/ImageIO.framework/Versions/A/Resources/libRadiance.dylib
0x00000000087be000 	/System/Library/Frameworks/CoreVideo.framework/Versions/A/CoreVideo
0x00000000087be000 	/System/Library/Frameworks/OpenGL.framework/Versions/A/Libraries/libGLU.dylib
0x00000000087be000 	/System/Library/Frameworks/OpenGL.framework/Versions/A/Libraries/libGFXShared.dylib
0x00000000087be000 	/System/Library/Frameworks/OpenGL.framework/Versions/A/Libraries/libGL.dylib
0x00000000087be000 	/System/Library/Frameworks/OpenGL.framework/Versions/A/Libraries/libGLImage.dylib
0x00000000087be000 	/System/Library/Frameworks/OpenGL.framework/Versions/A/Libraries/libCVMSPluginSupport.dylib
0x00000000087be000 	/System/Library/Frameworks/OpenGL.framework/Versions/A/Libraries/libCoreVMClient.dylib
0x00000000087be000 	/usr/lib/libcups.2.dylib
0x00000000087be000 	/System/Library/Frameworks/Kerberos.framework/Versions/A/Kerberos
0x00000000087be000 	/System/Library/Frameworks/GSS.framework/Versions/A/GSS
0x00000000087be000 	/usr/lib/libresolv.9.dylib
0x00000000087be000 	/usr/lib/libiconv.2.dylib
0x00000000087be000 	/System/Library/PrivateFrameworks/Heimdal.framework/Versions/A/Heimdal
0x00000000087be000 	/usr/lib/libheimdal-asn1.dylib
0x00000000087be000 	/System/Library/Frameworks/OpenDirectory.framework/Versions/A/OpenDirectory
0x00000000087be000 	/System/Library/PrivateFrameworks/CommonAuth.framework/Versions/A/CommonAuth
0x00000000087be000 	/System/Library/Frameworks/OpenDirectory.framework/Versions/A/Frameworks/CFOpenDirectory.framework/Versions/A/CFOpenDirectory
0x00000000087be000 	/System/Library/Frameworks/SecurityFoundation.framework/Versions/A/SecurityFoundation
0x00000000087be000 	/System/Library/PrivateFrameworks/LanguageModeling.framework/Versions/A/LanguageModeling
0x00000000087be000 	/usr/lib/libcmph.dylib
0x00000000087be000 	/System/Library/Frameworks/ServiceManagement.framework/Versions/A/ServiceManagement
0x00000000087be000 	/usr/lib/libxslt.1.dylib
0x00000000087be000 	/System/Library/Frameworks/Carbon.framework/Versions/A/Frameworks/Ink.framework/Versions/A/Ink
0x00000000087be000 	/System/Library/Frameworks/QuartzCore.framework/Versions/A/Frameworks/CoreImage.framework/Versions/A/CoreImage
0x00000000087be000 	/System/Library/PrivateFrameworks/CrashReporterSupport.framework/Versions/A/CrashReporterSupport
0x00000000087be000 	/System/Library/Frameworks/OpenCL.framework/Versions/A/OpenCL
0x00000000087be000 	/System/Library/PrivateFrameworks/FaceCore.framework/Versions/A/FaceCore
0x00000000087be000 	/System/Library/PrivateFrameworks/Ubiquity.framework/Versions/A/Ubiquity
0x00000000087be000 	/System/Library/PrivateFrameworks/IconServices.framework/Versions/A/IconServices
0x00000000087be000 	/System/Library/PrivateFrameworks/ChunkingLibrary.framework/Versions/A/ChunkingLibrary
0x00000000087be000 	/System/Library/PrivateFrameworks/Apple80211.framework/Versions/A/Apple80211
0x00000000087be000 	/System/Library/Frameworks/CoreWLAN.framework/Versions/A/CoreWLAN
0x00000000087be000 	/System/Library/Frameworks/IOBluetooth.framework/Versions/A/IOBluetooth
0x00000000087be000 	/System/Library/PrivateFrameworks/CoreWiFi.framework/Versions/A/CoreWiFi
0x00000000087be000 	/System/Library/Frameworks/CoreBluetooth.framework/Versions/A/CoreBluetooth
0x00000000087be000 	/System/Library/PrivateFrameworks/DebugSymbols.framework/Versions/A/DebugSymbols
0x00000000087be000 	/System/Library/PrivateFrameworks/CoreSymbolication.framework/Versions/A/CoreSymbolication
0x00000000087be000 	/System/Library/PrivateFrameworks/Symbolication.framework/Versions/A/Symbolication
0x00000000087be000 	/System/Library/PrivateFrameworks/SpeechRecognitionCore.framework/Versions/A/SpeechRecognitionCore
0x000000010fe00000 	/Library/Java/JavaVirtualMachines/jdk1.8.0_45.jdk/Contents/Home/jre/lib/server/libjvm.dylib
0x00000000087be000 	/usr/lib/libstdc++.6.dylib
0x000000010f57c000 	/Library/Java/JavaVirtualMachines/jdk1.8.0_45.jdk/Contents/Home/jre/lib/libverify.dylib
0x000000010f58a000 	/Library/Java/JavaVirtualMachines/jdk1.8.0_45.jdk/Contents/Home/jre/lib/libjava.dylib
0x000000010f5c9000 	/Library/Java/JavaVirtualMachines/jdk1.8.0_45.jdk/Contents/Home/jre/lib/libzip.dylib
0x000000012b98e000 	/System/Library/Frameworks/JavaVM.framework/Frameworks/JavaRuntimeSupport.framework/JavaRuntimeSupport
0x000000012b9a4000 	/System/Library/Frameworks/JavaVM.framework/Versions/A/Frameworks/JavaNativeFoundation.framework/Versions/A/JavaNativeFoundation
0x000000012b9b8000 	/System/Library/Frameworks/JavaVM.framework/Versions/A/JavaVM
0x00000000087be000 	/System/Library/Frameworks/Carbon.framework/Versions/A/Carbon
0x000000012b9c4000 	/System/Library/PrivateFrameworks/JavaLaunching.framework/Versions/A/JavaLaunching
0x00000000087be000 	/System/Library/Frameworks/Carbon.framework/Versions/A/Frameworks/CommonPanels.framework/Versions/A/CommonPanels
0x00000000087be000 	/System/Library/Frameworks/Carbon.framework/Versions/A/Frameworks/Help.framework/Versions/A/Help
0x00000000087be000 	/System/Library/Frameworks/Carbon.framework/Versions/A/Frameworks/ImageCapture.framework/Versions/A/ImageCapture
0x00000000087be000 	/System/Library/Frameworks/Carbon.framework/Versions/A/Frameworks/OpenScripting.framework/Versions/A/OpenScripting
0x00000000087be000 	/System/Library/Frameworks/Carbon.framework/Versions/A/Frameworks/Print.framework/Versions/A/Print
0x00000000087be000 	/System/Library/Frameworks/Carbon.framework/Versions/A/Frameworks/SecurityHI.framework/Versions/A/SecurityHI
0x000000012d7e0000 	/Library/Java/JavaVirtualMachines/jdk1.8.0_45.jdk/Contents/Home/jre/lib/libnio.dylib
0x000000012d7f0000 	/Library/Java/JavaVirtualMachines/jdk1.8.0_45.jdk/Contents/Home/jre/lib/./libnet.dylib
0x000000012d862000 	/Library/Java/JavaVirtualMachines/jdk1.8.0_45.jdk/Contents/Home/jre/lib/libawt.dylib
0x000000012d90a000 	/Library/Java/JavaVirtualMachines/jdk1.8.0_45.jdk/Contents/Home/jre/lib/./libmlib_image.dylib
0x000000012d9d6000 	/Library/Java/JavaVirtualMachines/jdk1.8.0_45.jdk/Contents/Home/jre/lib/libawt_lwawt.dylib
0x000000012da8a000 	/Library/Java/JavaVirtualMachines/jdk1.8.0_45.jdk/Contents/Home/jre/lib/./libosxapp.dylib
0x00000000087be000 	/System/Library/Frameworks/ExceptionHandling.framework/Versions/A/ExceptionHandling
0x00000000087be000 	/System/Library/PrivateFrameworks/CoreServicesInternal.framework/Versions/A/CoreServicesInternal
0x00000000087be000 	/System/Library/PrivateFrameworks/CloudDocs.framework/Versions/A/CloudDocs
0x00000000087be000 	/System/Library/PrivateFrameworks/CoreDuet.framework/Versions/A/CoreDuet
0x00000000087be000 	/System/Library/Frameworks/CloudKit.framework/Versions/A/CloudKit
0x00000000087be000 	/System/Library/PrivateFrameworks/ProtocolBuffer.framework/Versions/A/ProtocolBuffer
0x00000000087be000 	/System/Library/PrivateFrameworks/CoreDuetDaemonProtocol.framework/Versions/A/CoreDuetDaemonProtocol
0x00000000087be000 	/System/Library/PrivateFrameworks/CoreDuetDebugLogging.framework/Versions/A/CoreDuetDebugLogging
0x00000000087be000 	/System/Library/Frameworks/CoreLocation.framework/Versions/A/CoreLocation
0x00000000087be000 	/System/Library/Frameworks/Accounts.framework/Versions/A/Accounts
0x00000000087be000 	/System/Library/PrivateFrameworks/ApplePushService.framework/Versions/A/ApplePushService
0x00000000087be000 	/System/Library/PrivateFrameworks/GeoServices.framework/Versions/A/GeoServices
0x00000000087be000 	/System/Library/PrivateFrameworks/OAuth.framework/Versions/A/OAuth
0x00000000087be000 	/System/Library/PrivateFrameworks/CoreDaemon.framework/Versions/B/CoreDaemon
0x00000000087be000 	/usr/lib/libcrypto.0.9.8.dylib
0x00000000087be000 	/System/Library/PrivateFrameworks/AppleSRP.framework/Versions/A/AppleSRP
0x00000000087be000 	/System/Library/PrivateFrameworks/TrustEvaluationAgent.framework/Versions/A/TrustEvaluationAgent
0x00000000087be000 	/System/Library/Frameworks/CoreGraphics.framework/Versions/A/Resources/libCGCMS.A.dylib
0x00000000087be000 	/System/Library/Frameworks/CoreGraphics.framework/Versions/A/Resources/libRIP.A.dylib
0x00000000087be000 	/System/Library/Frameworks/CoreGraphics.framework/Versions/A/Resources/libCGXType.A.dylib
0x00000000087be000 	/System/Library/Frameworks/OpenCL.framework/Versions/A/Libraries/libcldcpuengine.dylib
0x00000000087be000 	/System/Library/PrivateFrameworks/DiskImages.framework/Versions/A/DiskImages
0x00000000087be000 	/System/Library/Frameworks/DiscRecording.framework/Versions/A/DiscRecording
0x00000000087be000 	/usr/lib/libcsfde.dylib
0x00000000087be000 	/usr/lib/libcurl.4.dylib
0x00000000087be000 	/System/Library/PrivateFrameworks/MediaKit.framework/Versions/A/MediaKit
0x00000000087be000 	/System/Library/PrivateFrameworks/ProtectedCloudStorage.framework/Versions/A/ProtectedCloudStorage
0x00000000087be000 	/usr/lib/libCoreStorage.dylib
0x00000000087be000 	/System/Library/PrivateFrameworks/EFILogin.framework/Versions/A/EFILogin
0x00000000087be000 	/usr/lib/libutil.dylib
0x00000000087be000 	/System/Library/PrivateFrameworks/FindMyDevice.framework/Versions/A/FindMyDevice
0x00000000087be000 	/System/Library/Frameworks/LDAP.framework/Versions/A/LDAP
0x00000000087be000 	/usr/lib/libsasl2.2.dylib
0x00000001304f5000 	cl_kernels
0x00000001304f7000 	/System/Library/Frameworks/OpenCL.framework/Versions/A/Libraries/ImageFormats/unorm8_bgra.dylib
0x00000001304e6000 	cl_kernels
0x00000000087be000 	/System/Library/PrivateFrameworks/FamilyControls.framework/Versions/A/FamilyControls
0x00000000087be000 	/System/Library/PrivateFrameworks/CommerceKit.framework/Versions/A/Frameworks/CommerceCore.framework/Versions/A/CommerceCore
0x00000000087be000 	/System/Library/PrivateFrameworks/SystemAdministration.framework/Versions/A/SystemAdministration
0x00000000087be000 	/System/Library/PrivateFrameworks/AppContainer.framework/Versions/A/AppContainer
0x00000000087be000 	/System/Library/PrivateFrameworks/SecCodeWrapper.framework/Versions/A/SecCodeWrapper
0x00000000087be000 	/System/Library/Frameworks/DirectoryService.framework/Versions/A/DirectoryService
0x00000000087be000 	/System/Library/PrivateFrameworks/LoginUIKit.framework/Versions/A/Frameworks/LoginUICore.framework/Versions/A/LoginUICore
0x00000000087be000 	/usr/lib/libodfde.dylib
0x0000000131769000 	/Library/Java/JavaVirtualMachines/jdk1.8.0_45.jdk/Contents/Home/jre/lib/libfontmanager.dylib
0x00000001317d0000 	/Users/dannynorth/workspace/CS355/Lab_4/lwjgl-2.9.3/native/macosx/liblwjgl.dylib
0x0000000131852000 	/Library/Java/JavaVirtualMachines/jdk1.8.0_45.jdk/Contents/Home/jre/lib/libjawt.dylib
0x00000000087be000 	/System/Library/Frameworks/OpenGL.framework/Versions/A/Resources/GLEngine.bundle/GLEngine
0x00000000087be000 	/System/Library/Frameworks/OpenGL.framework/Versions/A/Libraries/libGLProgrammability.dylib
0x0000000000000000 	/System/Library/Extensions/GeForceGLDriver.bundle/Contents/MacOS/GeForceGLDriver
0x00000000087be000 	/System/Library/Extensions/GeForceGLDriver.bundle/Contents/MacOS/libclh.dylib
0x00000000087be000 	/System/Library/PrivateFrameworks/IOAccelerator.framework/Versions/A/IOAccelerator
0x00000000087be000 	/System/Library/PrivateFrameworks/GPUSupport.framework/Versions/A/Libraries/libGPUSupportMercury.dylib
0x00000000087be000 	/System/Library/Frameworks/OpenGL.framework/Versions/A/Resources/GLRendererFloat.bundle/GLRendererFloat

VM Arguments:
jvm_args: -Djava.library.path=/Users/dannynorth/workspace/CS355/Lab_4/lwjgl-2.9.3/native/macosx:/Users/dannynorth/workspace/CS355/Lab_4/lwjgl-2.9.3/native/macosx -Dfile.encoding=UTF-8 
java_command: Lab_4.CS355LWJGL
java_class_path (initial): /Users/dannynorth/workspace/CS355/bin:/Users/dannynorth/workspace/CS355/Lab_4/lwjgl-2.9.3/jar/lwjgl_util.jar:/Users/dannynorth/workspace/CS355/Lab_4/lwjgl-2.9.3/jar/lwjgl.jar
Launcher Type: SUN_STANDARD

Environment Variables:
PATH=/usr/bin:/bin:/usr/sbin:/sbin
SHELL=/bin/bash

Signal Handlers:
SIGSEGV: [libjvm.dylib+0x58ef95], sa_mask[0]=11111111011111110111111111111111, sa_flags=SA_ONSTACK|SA_RESTART|SA_SIGINFO
SIGBUS: [libjvm.dylib+0x58ef95], sa_mask[0]=11111111011111110111111111111111, sa_flags=SA_RESTART|SA_SIGINFO
SIGFPE: [libjvm.dylib+0x46c108], sa_mask[0]=11111111011111110111111111111111, sa_flags=SA_RESTART|SA_SIGINFO
SIGPIPE: [libjvm.dylib+0x46c108], sa_mask[0]=11111111011111110111111111111111, sa_flags=SA_RESTART|SA_SIGINFO
SIGXFSZ: [libjvm.dylib+0x46c108], sa_mask[0]=11111111011111110111111111111111, sa_flags=SA_RESTART|SA_SIGINFO
SIGILL: [libjvm.dylib+0x46c108], sa_mask[0]=11111111011111110111111111111111, sa_flags=SA_RESTART|SA_SIGINFO
SIGUSR1: SIG_DFL, sa_mask[0]=00000000000000000000000000000000, sa_flags=none
SIGUSR2: [libjvm.dylib+0x46bc26], sa_mask[0]=00100000000000000000000000000000, sa_flags=SA_RESTART|SA_SIGINFO
SIGHUP: [libjvm.dylib+0x46a1f9], sa_mask[0]=11111111011111110111111111111111, sa_flags=SA_RESTART|SA_SIGINFO
SIGINT: [libjvm.dylib+0x46a1f9], sa_mask[0]=11111111011111110111111111111111, sa_flags=SA_RESTART|SA_SIGINFO
SIGTERM: [libjvm.dylib+0x46a1f9], sa_mask[0]=11111111011111110111111111111111, sa_flags=SA_RESTART|SA_SIGINFO
SIGQUIT: [libjvm.dylib+0x46a1f9], sa_mask[0]=11111111011111110111111111111111, sa_flags=SA_RESTART|SA_SIGINFO


---------------  S Y S T E M  ---------------

OS:Bsduname:Darwin 14.1.0 Darwin Kernel Version 14.1.0: Thu Feb 26 19:26:47 PST 2015; root:xnu-2782.10.73~1/RELEASE_X86_64 x86_64
rlimit: STACK 8192k, CORE 0k, NPROC 709, NOFILE 10240, AS infinity
load average:1.95 1.95 1.98

CPU:total 4 (4 cores per cpu, 1 threads per core) family 6 model 58 stepping 9, cmov, cx8, fxsr, mmx, sse, sse2, sse3, ssse3, sse4.1, sse4.2, popcnt, avx, aes, clmul, erms, tsc, tscinvbit, tscinv

Memory: 4k page, physical 16777216k(58544k free)

/proc/meminfo:


vm_info: Java HotSpot(TM) 64-Bit Server VM (25.45-b02) for bsd-amd64 JRE (1.8.0_45-b14), built on Apr 10 2015 10:46:38 by "java_re" with gcc 4.2.1 (Based on Apple Inc. build 5658) (LLVM build 2336.11.00)

time: Mon Jun  1 17:20:12 2015
elapsed time: 17 seconds (0d 0h 0m 17s)

